<?xml version="1.0" encoding="utf-8"?><testsuites><testsuite name="pytest" errors="0" failures="0" skipped="0" tests="4" time="0.968" timestamp="2026-09-19T21:47:56.979433" hostname="WINDOWS-FIRE"><testcase classname="rca_test_system.tests.test_pipeline_nodes" name="test_sensor_node_initialization_and_fault" time="0.144" /><testcase classname="rca_test_system.tests.test_pipeline_nodes" name="test_perception_node_handling" time="0.027" /><testcase classname="rca_test_system.tests.test_pipeline_nodes" name="test_localization_node_handling" time="0.029" /><testcase classname="rca_test_system.tests.test_pipeline_nodes" name="test_navigation_node_handling" time="0.025" /></testsuite></testsuites>