<?xml version="1.0" encoding="utf-8"?><testsuites><testsuite name="pytest" errors="0" failures="0" skipped="0" tests="34" time="0.168" timestamp="2026-09-19T21:47:56.542440" hostname="WINDOWS-FIRE"><testcase classname="diagnostic_monitor.tests.test_anomaly_detector" name="test_zero_std_dev_guard" time="0.001" /><testcase classname="diagnostic_monitor.tests.test_anomaly_detector" name="test_startup_noise_rejection" time="0.002" /><testcase classname="diagnostic_monitor.tests.test_anomaly_detector" name="test_z_score_detection_after_warmup" time="0.002" /><testcase classname="diagnostic_monitor.tests.test_anomaly_detector" name="test_missing_data_timeout" time="0.001" /><testcase classname="diagnostic_monitor.tests.test_anomaly_detector" name="test_node_crash_detection" time="0.000" /><testcase classname="diagnostic_monitor.tests.test_baselines_evaluator" name="test_baselines_disagree_when_evidence_is_misleading" time="0.001" /><testcase classname="diagnostic_monitor.tests.test_baselines_evaluator" name="test_static_graph_baseline_is_blind_to_runtime_topology" time="0.001" /><testcase classname="diagnostic_monitor.tests.test_baselines_evaluator" name="test_ablation_configs_disable_terms" time="0.001" /><testcase classname="diagnostic_monitor.tests.test_baselines_evaluator" name="test_evaluator_extended_metrics" time="0.001" /><testcase classname="diagnostic_monitor.tests.test_baselines_evaluator" name="test_rank_of_missing" time="0.000" /><testcase classname="diagnostic_monitor.tests.test_dynamic_graph" name="test_graph_construction_and_traversal" time="0.002" /><testcase classname="diagnostic_monitor.tests.test_dynamic_graph" name="test_graph_paths_and_cycle_safety" time="0.003" /><testcase classname="diagnostic_monitor.tests.test_dynamic_graph" name="test_node_removal_on_crash" time="0.001" /><testcase classname="diagnostic_monitor.tests.test_dynamic_graph" name="test_discoverer_topic_and_node_filtering" time="0.001" /><testcase classname="diagnostic_monitor.tests.test_e2e_scenarios" name="test_scenario_sensor_latency_cascade" time="0.001" /><testcase classname="diagnostic_monitor.tests.test_e2e_scenarios" name="test_scenario_localization_fault" time="0.001" /><testcase classname="diagnostic_monitor.tests.test_edge_cases" name="test_single_sample_jitter_is_not_an_anomaly" time="0.001" /><testcase classname="diagnostic_monitor.tests.test_edge_cases" name="test_persistent_deviation_is_confirmed" time="0.001" /><testcase classname="diagnostic_monitor.tests.test_edge_cases" name="test_zero_std_dev_still_detects_with_floor" time="0.001" /><testcase classname="diagnostic_monitor.tests.test_edge_cases" name="test_startup_noise_rejected_by_time_and_sample_warmup" time="0.000" /><testcase classname="diagnostic_monitor.tests.test_edge_cases" name="test_timeout_onset_timestamps_preserve_ordering" time="0.006" /><testcase classname="diagnostic_monitor.tests.test_edge_cases" name="test_missing_node_is_re_reported_with_original_onset" time="0.001" /><testcase classname="diagnostic_monitor.tests.test_edge_cases" name="test_duplicate_and_out_of_order_headers" time="0.001" /><testcase classname="diagnostic_monitor.tests.test_edge_cases" name="test_rca_is_invariant_to_duplicate_and_shuffled_events" time="0.001" /><testcase classname="diagnostic_monitor.tests.test_edge_cases" name="test_crashed_node_keeps_last_known_edges_for_attribution" time="0.001" /><testcase classname="diagnostic_monitor.tests.test_edge_cases" name="test_insufficient_evidence_and_unknown_nodes" time="0.001" /><testcase classname="diagnostic_monitor.tests.test_edge_cases" name="test_event_store_graph_snapshots_and_range_queries" time="0.026" /><testcase classname="diagnostic_monitor.tests.test_explainer" name="test_explainer_propagation_chain" time="0.001" /><testcase classname="diagnostic_monitor.tests.test_explainer" name="test_evaluator_metrics" time="0.001" /><testcase classname="diagnostic_monitor.tests.test_rca_engine" name="test_sensor_fault_cascade_diagnosis" time="0.001" /><testcase classname="diagnostic_monitor.tests.test_rca_engine" name="test_localization_fault_diagnosis" time="0.001" /><testcase classname="diagnostic_monitor.tests.test_rca_engine" name="test_symptom_coverage_formula" time="0.001" /><testcase classname="diagnostic_monitor.tests.test_rca_engine" name="test_ablation_support" time="0.001" /><testcase classname="diagnostic_monitor.tests.test_rca_engine" name="test_insufficient_evidence_handling" time="0.001" /></testsuite></testsuites>